Build started 2013/9/10 23:36:12.
     1>Project "G:\MyProjects\VS\VC\Qunar\Difference\Difference.vcxproj" on node 2 (build target(s)).
     1>InitializeBuildStatus:
         Creating "Debug\Difference.unsuccessfulbuild" because "AlwaysCreate" was specified.
       ClCompile:
         All outputs are up-to-date.
         D:\software\VS2010\VC\bin\CL.exe /c /ZI /nologo /W3 /WX- /Od /Oy- /D WIN32 /D _DEBUG /D _CONSOLE /D _UNICODE /D UNICODE /Gm /EHsc /RTC1 /MDd /GS /fp:precise /Zc:wchar_t /Zc:forScope /Yu"StdAfx.h" /Fp"Debug\Difference.pch" /Fo"Debug\\" /Fd"Debug\vc100.pdb" /Gd /TP /analyze- /errorReport:prompt DifferenceTest.cpp
         DifferenceTest.cpp
       ManifestResourceCompile:
         All outputs are up-to-date.
       Link:
         D:\software\VS2010\VC\bin\link.exe /ERRORREPORT:PROMPT /OUT:"G:\MyProjects\VS\VC\Qunar\Debug\Difference.exe" /INCREMENTAL /NOLOGO kernel32.lib user32.lib gdi32.lib winspool.lib comdlg32.lib advapi32.lib shell32.lib ole32.lib oleaut32.lib uuid.lib odbc32.lib odbccp32.lib /MANIFEST /ManifestFile:"Debug\Difference.exe.intermediate.manifest" /MANIFESTUAC:"level='asInvoker' uiAccess='false'" /DEBUG /PDB:"G:\MyProjects\VS\VC\Qunar\Debug\Difference.pdb" /SUBSYSTEM:CONSOLE /TLBID:1 /DYNAMICBASE /NXCOMPAT /IMPLIB:"G:\MyProjects\VS\VC\Qunar\Debug\Difference.lib" /MACHINE:X86 Debug\Difference.exe.embed.manifest.res
         Debug\Difference.obj
         Debug\DifferenceTest.obj
         Debug\stdafx.obj
       Manifest:
         C:\Program Files (x86)\Microsoft SDKs\Windows\v7.0A\bin\mt.exe /nologo /verbose /out:"Debug\Difference.exe.embed.manifest" /manifest Debug\Difference.exe.intermediate.manifest
         All outputs are up-to-date.
       LinkEmbedManifest:
         All outputs are up-to-date.
         Difference.vcxproj -> G:\MyProjects\VS\VC\Qunar\Debug\Difference.exe
       FinalizeBuildStatus:
         Deleting file "Debug\Difference.unsuccessfulbuild".
         Touching "Debug\Difference.lastbuildstate".
     1>Done Building Project "G:\MyProjects\VS\VC\Qunar\Difference\Difference.vcxproj" (build target(s)).

Build succeeded.

Time Elapsed 00:00:00.46
